{"C:\\Users\\user\\OneDrive\\Documents\\Bootcamp Hacktiv8\\4m\\3w\\2d\\ILockDoors\\server\\app.js": {"path":"C:\\Users\\user\\OneDrive\\Documents\\Bootcamp Hacktiv8\\4m\\3w\\2d\\ILockDoors\\server\\app.js","statementMap":{"0":{"start":{"line":1,"column":0},"end":{"line":3,"column":1}},"1":{"start":{"line":2,"column":2},"end":{"line":2,"column":29}},"2":{"start":{"line":5,"column":16},"end":{"line":5,"column":34}},"3":{"start":{"line":6,"column":15},"end":{"line":6,"column":35}},"4":{"start":{"line":7,"column":12},"end":{"line":7,"column":21}},"5":{"start":{"line":10,"column":0},"end":{"line":10,"column":27}},"6":{"start":{"line":11,"column":0},"end":{"line":11,"column":24}},"7":{"start":{"line":12,"column":0},"end":{"line":12,"column":48}},"8":{"start":{"line":14,"column":0},"end":{"line":14,"column":16}},"9":{"start":{"line":19,"column":0},"end":{"line":19,"column":21}}},"fnMap":{},"branchMap":{"0":{"loc":{"start":{"line":1,"column":0},"end":{"line":3,"column":1}},"type":"if","locations":[{"start":{"line":1,"column":0},"end":{"line":3,"column":1}},{"start":{},"end":{}}],"line":1}},"s":{"0":2,"1":2,"2":2,"3":2,"4":2,"5":2,"6":2,"7":2,"8":2,"9":2},"f":{},"b":{"0":[2,0]},"_coverageSchema":"1a1c01bbd47fc00a2c39e90264f33305004495a9","hash":"6d3ab1cd8b26eda43f1d1e43d18ae771b73180f4"}
,"C:\\Users\\user\\OneDrive\\Documents\\Bootcamp Hacktiv8\\4m\\3w\\2d\\ILockDoors\\server\\controllers\\accomodationController.js": {"path":"C:\\Users\\user\\OneDrive\\Documents\\Bootcamp Hacktiv8\\4m\\3w\\2d\\ILockDoors\\server\\controllers\\accomodationController.js","statementMap":{"0":{"start":{"line":1,"column":15},"end":{"line":1,"column":35}},"1":{"start":{"line":2,"column":31},"end":{"line":2,"column":51}},"2":{"start":{"line":6,"column":4},"end":{"line":26,"column":5}},"3":{"start":{"line":7,"column":49},"end":{"line":7,"column":58}},"4":{"start":{"line":8,"column":21},"end":{"line":10,"column":7}},"5":{"start":{"line":12,"column":6},"end":{"line":16,"column":7}},"6":{"start":{"line":13,"column":8},"end":{"line":15,"column":10}},"7":{"start":{"line":18,"column":28},"end":{"line":18,"column":62}},"8":{"start":{"line":20,"column":6},"end":{"line":22,"column":74}},"9":{"start":{"line":24,"column":6},"end":{"line":24,"column":25}},"10":{"start":{"line":25,"column":6},"end":{"line":25,"column":18}},"11":{"start":{"line":29,"column":4},"end":{"line":46,"column":5}},"12":{"start":{"line":31,"column":33},"end":{"line":31,"column":43}},"13":{"start":{"line":32,"column":28},"end":{"line":32,"column":71}},"14":{"start":{"line":33,"column":6},"end":{"line":38,"column":7}},"15":{"start":{"line":34,"column":8},"end":{"line":37,"column":10}},"16":{"start":{"line":40,"column":6},"end":{"line":42,"column":74}},"17":{"start":{"line":44,"column":6},"end":{"line":44,"column":25}},"18":{"start":{"line":45,"column":6},"end":{"line":45,"column":18}},"19":{"start":{"line":49,"column":4},"end":{"line":63,"column":5}},"20":{"start":{"line":51,"column":29},"end":{"line":51,"column":37}},"21":{"start":{"line":52,"column":27},"end":{"line":55,"column":8}},"22":{"start":{"line":57,"column":6},"end":{"line":59,"column":72}},"23":{"start":{"line":61,"column":6},"end":{"line":61,"column":25}},"24":{"start":{"line":62,"column":6},"end":{"line":62,"column":18}},"25":{"start":{"line":66,"column":4},"end":{"line":93,"column":5}},"26":{"start":{"line":67,"column":33},"end":{"line":67,"column":43}},"27":{"start":{"line":68,"column":29},"end":{"line":68,"column":37}},"28":{"start":{"line":69,"column":31},"end":{"line":69,"column":74}},"29":{"start":{"line":70,"column":6},"end":{"line":75,"column":7}},"30":{"start":{"line":71,"column":8},"end":{"line":74,"column":10}},"31":{"start":{"line":76,"column":6},"end":{"line":86,"column":8}},"32":{"start":{"line":87,"column":6},"end":{"line":89,"column":79}},"33":{"start":{"line":91,"column":6},"end":{"line":91,"column":25}},"34":{"start":{"line":92,"column":6},"end":{"line":92,"column":18}},"35":{"start":{"line":96,"column":4},"end":{"line":116,"column":5}},"36":{"start":{"line":97,"column":33},"end":{"line":97,"column":43}},"37":{"start":{"line":98,"column":31},"end":{"line":98,"column":74}},"38":{"start":{"line":99,"column":6},"end":{"line":104,"column":7}},"39":{"start":{"line":100,"column":8},"end":{"line":103,"column":10}},"40":{"start":{"line":105,"column":6},"end":{"line":109,"column":9}},"41":{"start":{"line":110,"column":6},"end":{"line":112,"column":79}},"42":{"start":{"line":114,"column":6},"end":{"line":114,"column":25}},"43":{"start":{"line":115,"column":6},"end":{"line":115,"column":18}},"44":{"start":{"line":120,"column":0},"end":{"line":120,"column":40}}},"fnMap":{"0":{"name":"(anonymous_0)","decl":{"start":{"line":5,"column":2},"end":{"line":5,"column":3}},"loc":{"start":{"line":5,"column":48},"end":{"line":27,"column":3}},"line":5},"1":{"name":"(anonymous_1)","decl":{"start":{"line":28,"column":2},"end":{"line":28,"column":3}},"loc":{"start":{"line":28,"column":54},"end":{"line":47,"column":3}},"line":28},"2":{"name":"(anonymous_2)","decl":{"start":{"line":48,"column":2},"end":{"line":48,"column":3}},"loc":{"start":{"line":48,"column":47},"end":{"line":64,"column":3}},"line":48},"3":{"name":"(anonymous_3)","decl":{"start":{"line":65,"column":2},"end":{"line":65,"column":3}},"loc":{"start":{"line":65,"column":48},"end":{"line":94,"column":3}},"line":65},"4":{"name":"(anonymous_4)","decl":{"start":{"line":95,"column":2},"end":{"line":95,"column":3}},"loc":{"start":{"line":95,"column":50},"end":{"line":117,"column":3}},"line":95}},"branchMap":{"0":{"loc":{"start":{"line":12,"column":6},"end":{"line":16,"column":7}},"type":"if","locations":[{"start":{"line":12,"column":6},"end":{"line":16,"column":7}},{"start":{},"end":{}}],"line":12},"1":{"loc":{"start":{"line":33,"column":6},"end":{"line":38,"column":7}},"type":"if","locations":[{"start":{"line":33,"column":6},"end":{"line":38,"column":7}},{"start":{},"end":{}}],"line":33},"2":{"loc":{"start":{"line":70,"column":6},"end":{"line":75,"column":7}},"type":"if","locations":[{"start":{"line":70,"column":6},"end":{"line":75,"column":7}},{"start":{},"end":{}}],"line":70},"3":{"loc":{"start":{"line":99,"column":6},"end":{"line":104,"column":7}},"type":"if","locations":[{"start":{"line":99,"column":6},"end":{"line":104,"column":7}},{"start":{},"end":{}}],"line":99}},"s":{"0":2,"1":2,"2":0,"3":0,"4":0,"5":0,"6":0,"7":0,"8":0,"9":0,"10":0,"11":0,"12":0,"13":0,"14":0,"15":0,"16":0,"17":0,"18":0,"19":0,"20":0,"21":0,"22":0,"23":0,"24":0,"25":0,"26":0,"27":0,"28":0,"29":0,"30":0,"31":0,"32":0,"33":0,"34":0,"35":0,"36":0,"37":0,"38":0,"39":0,"40":0,"41":0,"42":0,"43":0,"44":2},"f":{"0":0,"1":0,"2":0,"3":0,"4":0},"b":{"0":[0,0],"1":[0,0],"2":[0,0],"3":[0,0]},"_coverageSchema":"1a1c01bbd47fc00a2c39e90264f33305004495a9","hash":"e7c830dcf91630402773d97844619fc82a454e29"}
,"C:\\Users\\user\\OneDrive\\Documents\\Bootcamp Hacktiv8\\4m\\3w\\2d\\ILockDoors\\server\\controllers\\authController.js": {"path":"C:\\Users\\user\\OneDrive\\Documents\\Bootcamp Hacktiv8\\4m\\3w\\2d\\ILockDoors\\server\\controllers\\authController.js","statementMap":{"0":{"start":{"line":1,"column":35},"end":{"line":1,"column":60}},"1":{"start":{"line":2,"column":17},"end":{"line":2,"column":37}},"2":{"start":{"line":3,"column":25},"end":{"line":3,"column":55}},"3":{"start":{"line":7,"column":4},"end":{"line":39,"column":5}},"4":{"start":{"line":8,"column":24},"end":{"line":8,"column":35}},"5":{"start":{"line":9,"column":21},"end":{"line":9,"column":39}},"6":{"start":{"line":12,"column":21},"end":{"line":15,"column":8}},"7":{"start":{"line":17,"column":22},"end":{"line":17,"column":41}},"8":{"start":{"line":19,"column":30},"end":{"line":32,"column":8}},"9":{"start":{"line":34,"column":27},"end":{"line":34,"column":53}},"10":{"start":{"line":35,"column":6},"end":{"line":35,"column":41}},"11":{"start":{"line":37,"column":6},"end":{"line":37,"column":23}},"12":{"start":{"line":38,"column":6},"end":{"line":38,"column":16}},"13":{"start":{"line":43,"column":0},"end":{"line":43,"column":32}}},"fnMap":{"0":{"name":"(anonymous_0)","decl":{"start":{"line":6,"column":2},"end":{"line":6,"column":3}},"loc":{"start":{"line":6,"column":43},"end":{"line":40,"column":3}},"line":6}},"branchMap":{},"s":{"0":2,"1":2,"2":2,"3":0,"4":0,"5":0,"6":0,"7":0,"8":0,"9":0,"10":0,"11":0,"12":0,"13":2},"f":{"0":0},"b":{},"_coverageSchema":"1a1c01bbd47fc00a2c39e90264f33305004495a9","hash":"95a9ae7fc9ad418f8c962745a1dce832cc967f28"}
,"C:\\Users\\user\\OneDrive\\Documents\\Bootcamp Hacktiv8\\4m\\3w\\2d\\ILockDoors\\server\\controllers\\roomController.js": {"path":"C:\\Users\\user\\OneDrive\\Documents\\Bootcamp Hacktiv8\\4m\\3w\\2d\\ILockDoors\\server\\controllers\\roomController.js","statementMap":{"0":{"start":{"line":1,"column":15},"end":{"line":1,"column":35}},"1":{"start":{"line":2,"column":31},"end":{"line":2,"column":51}},"2":{"start":{"line":6,"column":47},"end":{"line":6,"column":56}},"3":{"start":{"line":7,"column":19},"end":{"line":9,"column":5}},"4":{"start":{"line":11,"column":4},"end":{"line":15,"column":5}},"5":{"start":{"line":12,"column":6},"end":{"line":14,"column":8}},"6":{"start":{"line":16,"column":4},"end":{"line":25,"column":5}},"7":{"start":{"line":17,"column":20},"end":{"line":17,"column":46}},"8":{"start":{"line":19,"column":6},"end":{"line":21,"column":70}},"9":{"start":{"line":23,"column":6},"end":{"line":23,"column":23}},"10":{"start":{"line":24,"column":6},"end":{"line":24,"column":16}},"11":{"start":{"line":28,"column":4},"end":{"line":48,"column":5}},"12":{"start":{"line":29,"column":25},"end":{"line":29,"column":35}},"13":{"start":{"line":31,"column":19},"end":{"line":36,"column":8}},"14":{"start":{"line":38,"column":6},"end":{"line":43,"column":7}},"15":{"start":{"line":39,"column":8},"end":{"line":42,"column":10}},"16":{"start":{"line":44,"column":6},"end":{"line":44,"column":80}},"17":{"start":{"line":46,"column":6},"end":{"line":46,"column":23}},"18":{"start":{"line":47,"column":6},"end":{"line":47,"column":16}},"19":{"start":{"line":51,"column":4},"end":{"line":84,"column":5}},"20":{"start":{"line":64,"column":10},"end":{"line":64,"column":18}},"21":{"start":{"line":66,"column":19},"end":{"line":78,"column":8}},"22":{"start":{"line":80,"column":6},"end":{"line":80,"column":69}},"23":{"start":{"line":83,"column":6},"end":{"line":83,"column":16}},"24":{"start":{"line":87,"column":4},"end":{"line":134,"column":5}},"25":{"start":{"line":88,"column":25},"end":{"line":88,"column":35}},"26":{"start":{"line":100,"column":10},"end":{"line":100,"column":18}},"27":{"start":{"line":101,"column":23},"end":{"line":101,"column":50}},"28":{"start":{"line":103,"column":6},"end":{"line":108,"column":7}},"29":{"start":{"line":104,"column":8},"end":{"line":107,"column":10}},"30":{"start":{"line":109,"column":19},"end":{"line":127,"column":7}},"31":{"start":{"line":130,"column":6},"end":{"line":130,"column":74}},"32":{"start":{"line":132,"column":6},"end":{"line":132,"column":23}},"33":{"start":{"line":133,"column":6},"end":{"line":133,"column":16}},"34":{"start":{"line":137,"column":4},"end":{"line":159,"column":5}},"35":{"start":{"line":139,"column":25},"end":{"line":139,"column":35}},"36":{"start":{"line":140,"column":23},"end":{"line":140,"column":50}},"37":{"start":{"line":141,"column":6},"end":{"line":146,"column":7}},"38":{"start":{"line":142,"column":8},"end":{"line":145,"column":10}},"39":{"start":{"line":147,"column":6},"end":{"line":151,"column":9}},"40":{"start":{"line":152,"column":6},"end":{"line":155,"column":9}},"41":{"start":{"line":157,"column":6},"end":{"line":157,"column":23}},"42":{"start":{"line":158,"column":6},"end":{"line":158,"column":16}},"43":{"start":{"line":162,"column":4},"end":{"line":188,"column":5}},"44":{"start":{"line":163,"column":25},"end":{"line":163,"column":35}},"45":{"start":{"line":164,"column":23},"end":{"line":164,"column":50}},"46":{"start":{"line":166,"column":6},"end":{"line":171,"column":7}},"47":{"start":{"line":167,"column":8},"end":{"line":170,"column":10}},"48":{"start":{"line":172,"column":19},"end":{"line":181,"column":7}},"49":{"start":{"line":182,"column":6},"end":{"line":182,"column":60}},"50":{"start":{"line":186,"column":6},"end":{"line":186,"column":23}},"51":{"start":{"line":187,"column":6},"end":{"line":187,"column":16}},"52":{"start":{"line":191,"column":4},"end":{"line":215,"column":5}},"53":{"start":{"line":192,"column":25},"end":{"line":192,"column":35}},"54":{"start":{"line":193,"column":23},"end":{"line":193,"column":50}},"55":{"start":{"line":194,"column":6},"end":{"line":199,"column":7}},"56":{"start":{"line":195,"column":8},"end":{"line":198,"column":10}},"57":{"start":{"line":200,"column":19},"end":{"line":209,"column":7}},"58":{"start":{"line":210,"column":6},"end":{"line":210,"column":60}},"59":{"start":{"line":213,"column":6},"end":{"line":213,"column":23}},"60":{"start":{"line":214,"column":6},"end":{"line":214,"column":16}},"61":{"start":{"line":219,"column":0},"end":{"line":219,"column":32}}},"fnMap":{"0":{"name":"(anonymous_0)","decl":{"start":{"line":5,"column":2},"end":{"line":5,"column":3}},"loc":{"start":{"line":5,"column":41},"end":{"line":26,"column":3}},"line":5},"1":{"name":"(anonymous_1)","decl":{"start":{"line":27,"column":2},"end":{"line":27,"column":3}},"loc":{"start":{"line":27,"column":46},"end":{"line":49,"column":3}},"line":27},"2":{"name":"(anonymous_2)","decl":{"start":{"line":50,"column":2},"end":{"line":50,"column":3}},"loc":{"start":{"line":50,"column":39},"end":{"line":85,"column":3}},"line":50},"3":{"name":"(anonymous_3)","decl":{"start":{"line":86,"column":2},"end":{"line":86,"column":3}},"loc":{"start":{"line":86,"column":40},"end":{"line":135,"column":3}},"line":86},"4":{"name":"(anonymous_4)","decl":{"start":{"line":136,"column":2},"end":{"line":136,"column":3}},"loc":{"start":{"line":136,"column":42},"end":{"line":160,"column":3}},"line":136},"5":{"name":"(anonymous_5)","decl":{"start":{"line":161,"column":2},"end":{"line":161,"column":3}},"loc":{"start":{"line":161,"column":42},"end":{"line":189,"column":3}},"line":161},"6":{"name":"(anonymous_6)","decl":{"start":{"line":190,"column":2},"end":{"line":190,"column":3}},"loc":{"start":{"line":190,"column":42},"end":{"line":216,"column":3}},"line":190}},"branchMap":{"0":{"loc":{"start":{"line":11,"column":4},"end":{"line":15,"column":5}},"type":"if","locations":[{"start":{"line":11,"column":4},"end":{"line":15,"column":5}},{"start":{},"end":{}}],"line":11},"1":{"loc":{"start":{"line":38,"column":6},"end":{"line":43,"column":7}},"type":"if","locations":[{"start":{"line":38,"column":6},"end":{"line":43,"column":7}},{"start":{},"end":{}}],"line":38},"2":{"loc":{"start":{"line":103,"column":6},"end":{"line":108,"column":7}},"type":"if","locations":[{"start":{"line":103,"column":6},"end":{"line":108,"column":7}},{"start":{},"end":{}}],"line":103},"3":{"loc":{"start":{"line":141,"column":6},"end":{"line":146,"column":7}},"type":"if","locations":[{"start":{"line":141,"column":6},"end":{"line":146,"column":7}},{"start":{},"end":{}}],"line":141},"4":{"loc":{"start":{"line":166,"column":6},"end":{"line":171,"column":7}},"type":"if","locations":[{"start":{"line":166,"column":6},"end":{"line":171,"column":7}},{"start":{},"end":{}}],"line":166},"5":{"loc":{"start":{"line":194,"column":6},"end":{"line":199,"column":7}},"type":"if","locations":[{"start":{"line":194,"column":6},"end":{"line":199,"column":7}},{"start":{},"end":{}}],"line":194}},"s":{"0":2,"1":2,"2":1,"3":1,"4":1,"5":0,"6":1,"7":1,"8":1,"9":0,"10":0,"11":2,"12":2,"13":2,"14":2,"15":1,"16":1,"17":1,"18":1,"19":2,"20":2,"21":2,"22":1,"23":1,"24":4,"25":4,"26":4,"27":4,"28":4,"29":1,"30":3,"31":2,"32":2,"33":2,"34":0,"35":0,"36":0,"37":0,"38":0,"39":0,"40":0,"41":0,"42":0,"43":0,"44":0,"45":0,"46":0,"47":0,"48":0,"49":0,"50":0,"51":0,"52":0,"53":0,"54":0,"55":0,"56":0,"57":0,"58":0,"59":0,"60":0,"61":2},"f":{"0":1,"1":2,"2":2,"3":4,"4":0,"5":0,"6":0},"b":{"0":[0,1],"1":[1,1],"2":[1,3],"3":[0,0],"4":[0,0],"5":[0,0]},"_coverageSchema":"1a1c01bbd47fc00a2c39e90264f33305004495a9","hash":"9393ed02d3de9eee7a7e276a855e25b39c48a499"}
,"C:\\Users\\user\\OneDrive\\Documents\\Bootcamp Hacktiv8\\4m\\3w\\2d\\ILockDoors\\server\\controllers\\userController.js": {"path":"C:\\Users\\user\\OneDrive\\Documents\\Bootcamp Hacktiv8\\4m\\3w\\2d\\ILockDoors\\server\\controllers\\userController.js","statementMap":{"0":{"start":{"line":1,"column":17},"end":{"line":1,"column":37}},"1":{"start":{"line":2,"column":38},"end":{"line":2,"column":68}},"2":{"start":{"line":3,"column":35},"end":{"line":3,"column":60}},"3":{"start":{"line":7,"column":4},"end":{"line":56,"column":5}},"4":{"start":{"line":9,"column":8},"end":{"line":9,"column":16}},"5":{"start":{"line":10,"column":6},"end":{"line":15,"column":7}},"6":{"start":{"line":11,"column":8},"end":{"line":14,"column":10}},"7":{"start":{"line":16,"column":6},"end":{"line":21,"column":7}},"8":{"start":{"line":17,"column":8},"end":{"line":20,"column":10}},"9":{"start":{"line":22,"column":6},"end":{"line":27,"column":7}},"10":{"start":{"line":23,"column":8},"end":{"line":26,"column":10}},"11":{"start":{"line":28,"column":6},"end":{"line":33,"column":7}},"12":{"start":{"line":29,"column":8},"end":{"line":32,"column":10}},"13":{"start":{"line":34,"column":6},"end":{"line":39,"column":7}},"14":{"start":{"line":35,"column":8},"end":{"line":38,"column":10}},"15":{"start":{"line":40,"column":19},"end":{"line":47,"column":8}},"16":{"start":{"line":49,"column":6},"end":{"line":52,"column":9}},"17":{"start":{"line":54,"column":6},"end":{"line":54,"column":23}},"18":{"start":{"line":55,"column":6},"end":{"line":55,"column":16}},"19":{"start":{"line":59,"column":4},"end":{"line":103,"column":5}},"20":{"start":{"line":61,"column":34},"end":{"line":61,"column":42}},"21":{"start":{"line":62,"column":6},"end":{"line":67,"column":7}},"22":{"start":{"line":63,"column":8},"end":{"line":66,"column":10}},"23":{"start":{"line":68,"column":6},"end":{"line":73,"column":7}},"24":{"start":{"line":69,"column":8},"end":{"line":72,"column":10}},"25":{"start":{"line":74,"column":19},"end":{"line":78,"column":8}},"26":{"start":{"line":80,"column":6},"end":{"line":85,"column":7}},"27":{"start":{"line":81,"column":8},"end":{"line":84,"column":10}},"28":{"start":{"line":86,"column":28},"end":{"line":86,"column":65}},"29":{"start":{"line":87,"column":6},"end":{"line":92,"column":7}},"30":{"start":{"line":88,"column":8},"end":{"line":91,"column":10}},"31":{"start":{"line":93,"column":20},"end":{"line":97,"column":7}},"32":{"start":{"line":98,"column":25},"end":{"line":98,"column":43}},"33":{"start":{"line":99,"column":6},"end":{"line":99,"column":45}},"34":{"start":{"line":101,"column":6},"end":{"line":101,"column":23}},"35":{"start":{"line":102,"column":6},"end":{"line":102,"column":16}},"36":{"start":{"line":107,"column":0},"end":{"line":107,"column":32}}},"fnMap":{"0":{"name":"(anonymous_0)","decl":{"start":{"line":5,"column":2},"end":{"line":5,"column":3}},"loc":{"start":{"line":5,"column":40},"end":{"line":57,"column":3}},"line":5},"1":{"name":"(anonymous_1)","decl":{"start":{"line":58,"column":2},"end":{"line":58,"column":3}},"loc":{"start":{"line":58,"column":37},"end":{"line":104,"column":3}},"line":58}},"branchMap":{"0":{"loc":{"start":{"line":10,"column":6},"end":{"line":15,"column":7}},"type":"if","locations":[{"start":{"line":10,"column":6},"end":{"line":15,"column":7}},{"start":{},"end":{}}],"line":10},"1":{"loc":{"start":{"line":16,"column":6},"end":{"line":21,"column":7}},"type":"if","locations":[{"start":{"line":16,"column":6},"end":{"line":21,"column":7}},{"start":{},"end":{}}],"line":16},"2":{"loc":{"start":{"line":22,"column":6},"end":{"line":27,"column":7}},"type":"if","locations":[{"start":{"line":22,"column":6},"end":{"line":27,"column":7}},{"start":{},"end":{}}],"line":22},"3":{"loc":{"start":{"line":28,"column":6},"end":{"line":33,"column":7}},"type":"if","locations":[{"start":{"line":28,"column":6},"end":{"line":33,"column":7}},{"start":{},"end":{}}],"line":28},"4":{"loc":{"start":{"line":34,"column":6},"end":{"line":39,"column":7}},"type":"if","locations":[{"start":{"line":34,"column":6},"end":{"line":39,"column":7}},{"start":{},"end":{}}],"line":34},"5":{"loc":{"start":{"line":62,"column":6},"end":{"line":67,"column":7}},"type":"if","locations":[{"start":{"line":62,"column":6},"end":{"line":67,"column":7}},{"start":{},"end":{}}],"line":62},"6":{"loc":{"start":{"line":68,"column":6},"end":{"line":73,"column":7}},"type":"if","locations":[{"start":{"line":68,"column":6},"end":{"line":73,"column":7}},{"start":{},"end":{}}],"line":68},"7":{"loc":{"start":{"line":80,"column":6},"end":{"line":85,"column":7}},"type":"if","locations":[{"start":{"line":80,"column":6},"end":{"line":85,"column":7}},{"start":{},"end":{}}],"line":80},"8":{"loc":{"start":{"line":87,"column":6},"end":{"line":92,"column":7}},"type":"if","locations":[{"start":{"line":87,"column":6},"end":{"line":92,"column":7}},{"start":{},"end":{}}],"line":87}},"s":{"0":2,"1":2,"2":2,"3":7,"4":7,"5":7,"6":0,"7":7,"8":2,"9":5,"10":2,"11":3,"12":0,"13":3,"14":0,"15":3,"16":1,"17":6,"18":6,"19":5,"20":5,"21":5,"22":1,"23":4,"24":1,"25":3,"26":3,"27":2,"28":1,"29":1,"30":0,"31":1,"32":1,"33":1,"34":4,"35":4,"36":2},"f":{"0":7,"1":5},"b":{"0":[0,7],"1":[2,5],"2":[2,3],"3":[0,3],"4":[0,3],"5":[1,4],"6":[1,3],"7":[2,1],"8":[0,1]},"_coverageSchema":"1a1c01bbd47fc00a2c39e90264f33305004495a9","hash":"4b366f9d3c7a7730bb402c58a6c32686345a91f1"}
,"C:\\Users\\user\\OneDrive\\Documents\\Bootcamp Hacktiv8\\4m\\3w\\2d\\ILockDoors\\server\\helpers\\bcryptjs.js": {"path":"C:\\Users\\user\\OneDrive\\Documents\\Bootcamp Hacktiv8\\4m\\3w\\2d\\ILockDoors\\server\\helpers\\bcryptjs.js","statementMap":{"0":{"start":{"line":1,"column":15},"end":{"line":1,"column":34}},"1":{"start":{"line":3,"column":21},"end":{"line":5,"column":1}},"2":{"start":{"line":4,"column":2},"end":{"line":4,"column":38}},"3":{"start":{"line":6,"column":20},"end":{"line":8,"column":1}},"4":{"start":{"line":7,"column":2},"end":{"line":7,"column":44}},"5":{"start":{"line":10,"column":0},"end":{"line":13,"column":2}}},"fnMap":{"0":{"name":"(anonymous_0)","decl":{"start":{"line":3,"column":21},"end":{"line":3,"column":22}},"loc":{"start":{"line":3,"column":35},"end":{"line":5,"column":1}},"line":3},"1":{"name":"(anonymous_1)","decl":{"start":{"line":6,"column":20},"end":{"line":6,"column":21}},"loc":{"start":{"line":6,"column":40},"end":{"line":8,"column":1}},"line":6}},"branchMap":{},"s":{"0":2,"1":2,"2":9,"3":2,"4":0,"5":2},"f":{"0":9,"1":0},"b":{},"_coverageSchema":"1a1c01bbd47fc00a2c39e90264f33305004495a9","hash":"10f86bef51269a9111d41b6301a1c65cb91f77de"}
,"C:\\Users\\user\\OneDrive\\Documents\\Bootcamp Hacktiv8\\4m\\3w\\2d\\ILockDoors\\server\\helpers\\jwt.js": {"path":"C:\\Users\\user\\OneDrive\\Documents\\Bootcamp Hacktiv8\\4m\\3w\\2d\\ILockDoors\\server\\helpers\\jwt.js","statementMap":{"0":{"start":{"line":1,"column":12},"end":{"line":1,"column":35}},"1":{"start":{"line":2,"column":12},"end":{"line":2,"column":52}},"2":{"start":{"line":4,"column":18},"end":{"line":6,"column":1}},"3":{"start":{"line":5,"column":2},"end":{"line":5,"column":32}},"4":{"start":{"line":8,"column":20},"end":{"line":10,"column":1}},"5":{"start":{"line":9,"column":2},"end":{"line":9,"column":32}},"6":{"start":{"line":12,"column":0},"end":{"line":15,"column":2}}},"fnMap":{"0":{"name":"(anonymous_0)","decl":{"start":{"line":4,"column":18},"end":{"line":4,"column":19}},"loc":{"start":{"line":4,"column":31},"end":{"line":6,"column":1}},"line":4},"1":{"name":"(anonymous_1)","decl":{"start":{"line":8,"column":20},"end":{"line":8,"column":21}},"loc":{"start":{"line":8,"column":31},"end":{"line":10,"column":1}},"line":8}},"branchMap":{"0":{"loc":{"start":{"line":2,"column":12},"end":{"line":2,"column":52}},"type":"binary-expr","locations":[{"start":{"line":2,"column":12},"end":{"line":2,"column":34}},{"start":{"line":2,"column":38},"end":{"line":2,"column":52}}],"line":2}},"s":{"0":2,"1":2,"2":2,"3":3,"4":2,"5":13,"6":2},"f":{"0":3,"1":13},"b":{"0":[2,0]},"_coverageSchema":"1a1c01bbd47fc00a2c39e90264f33305004495a9","hash":"011fcf2a917616d3de8afe5ac3b1baba3e686f62"}
,"C:\\Users\\user\\OneDrive\\Documents\\Bootcamp Hacktiv8\\4m\\3w\\2d\\ILockDoors\\server\\middleware\\authentication.js": {"path":"C:\\Users\\user\\OneDrive\\Documents\\Bootcamp Hacktiv8\\4m\\3w\\2d\\ILockDoors\\server\\middleware\\authentication.js","statementMap":{"0":{"start":{"line":1,"column":24},"end":{"line":1,"column":49}},"1":{"start":{"line":2,"column":17},"end":{"line":2,"column":43}},"2":{"start":{"line":3,"column":23},"end":{"line":39,"column":1}},"3":{"start":{"line":4,"column":2},"end":{"line":38,"column":3}},"4":{"start":{"line":6,"column":28},"end":{"line":6,"column":39}},"5":{"start":{"line":8,"column":4},"end":{"line":13,"column":5}},"6":{"start":{"line":9,"column":6},"end":{"line":12,"column":8}},"7":{"start":{"line":14,"column":4},"end":{"line":14,"column":48}},"8":{"start":{"line":16,"column":26},"end":{"line":16,"column":52}},"9":{"start":{"line":17,"column":24},"end":{"line":21,"column":6}},"10":{"start":{"line":22,"column":4},"end":{"line":27,"column":5}},"11":{"start":{"line":23,"column":6},"end":{"line":26,"column":8}},"12":{"start":{"line":29,"column":4},"end":{"line":33,"column":6}},"13":{"start":{"line":34,"column":4},"end":{"line":34,"column":11}},"14":{"start":{"line":36,"column":4},"end":{"line":36,"column":21}},"15":{"start":{"line":37,"column":4},"end":{"line":37,"column":14}},"16":{"start":{"line":41,"column":0},"end":{"line":41,"column":32}}},"fnMap":{"0":{"name":"(anonymous_0)","decl":{"start":{"line":3,"column":23},"end":{"line":3,"column":24}},"loc":{"start":{"line":3,"column":49},"end":{"line":39,"column":1}},"line":3}},"branchMap":{"0":{"loc":{"start":{"line":8,"column":4},"end":{"line":13,"column":5}},"type":"if","locations":[{"start":{"line":8,"column":4},"end":{"line":13,"column":5}},{"start":{},"end":{}}],"line":8},"1":{"loc":{"start":{"line":22,"column":4},"end":{"line":27,"column":5}},"type":"if","locations":[{"start":{"line":22,"column":4},"end":{"line":27,"column":5}},{"start":{},"end":{}}],"line":22}},"s":{"0":2,"1":2,"2":2,"3":17,"4":17,"5":17,"6":4,"7":13,"8":13,"9":9,"10":9,"11":0,"12":9,"13":9,"14":8,"15":8,"16":2},"f":{"0":17},"b":{"0":[4,13],"1":[0,9]},"_coverageSchema":"1a1c01bbd47fc00a2c39e90264f33305004495a9","hash":"6db1b6275af0c99f2cbcb2e1ed8dbe03d8d32665"}
,"C:\\Users\\user\\OneDrive\\Documents\\Bootcamp Hacktiv8\\4m\\3w\\2d\\ILockDoors\\server\\middleware\\authorization.js": {"path":"C:\\Users\\user\\OneDrive\\Documents\\Bootcamp Hacktiv8\\4m\\3w\\2d\\ILockDoors\\server\\middleware\\authorization.js","statementMap":{"0":{"start":{"line":1,"column":17},"end":{"line":1,"column":43}},"1":{"start":{"line":3,"column":22},"end":{"line":28,"column":1}},"2":{"start":{"line":4,"column":2},"end":{"line":27,"column":3}},"3":{"start":{"line":6,"column":29},"end":{"line":6,"column":41}},"4":{"start":{"line":8,"column":4},"end":{"line":24,"column":5}},"5":{"start":{"line":9,"column":19},"end":{"line":9,"column":57}},"6":{"start":{"line":10,"column":6},"end":{"line":15,"column":7}},"7":{"start":{"line":11,"column":8},"end":{"line":14,"column":10}},"8":{"start":{"line":16,"column":6},"end":{"line":21,"column":7}},"9":{"start":{"line":17,"column":8},"end":{"line":20,"column":10}},"10":{"start":{"line":23,"column":6},"end":{"line":23,"column":13}},"11":{"start":{"line":26,"column":4},"end":{"line":26,"column":14}},"12":{"start":{"line":30,"column":0},"end":{"line":32,"column":2}}},"fnMap":{"0":{"name":"(anonymous_0)","decl":{"start":{"line":3,"column":22},"end":{"line":3,"column":23}},"loc":{"start":{"line":3,"column":48},"end":{"line":28,"column":1}},"line":3}},"branchMap":{"0":{"loc":{"start":{"line":8,"column":4},"end":{"line":24,"column":5}},"type":"if","locations":[{"start":{"line":8,"column":4},"end":{"line":24,"column":5}},{"start":{"line":22,"column":11},"end":{"line":24,"column":5}}],"line":8},"1":{"loc":{"start":{"line":10,"column":6},"end":{"line":15,"column":7}},"type":"if","locations":[{"start":{"line":10,"column":6},"end":{"line":15,"column":7}},{"start":{},"end":{}}],"line":10},"2":{"loc":{"start":{"line":16,"column":6},"end":{"line":21,"column":7}},"type":"if","locations":[{"start":{"line":16,"column":6},"end":{"line":21,"column":7}},{"start":{},"end":{}}],"line":16}},"s":{"0":2,"1":2,"2":4,"3":4,"4":4,"5":0,"6":0,"7":0,"8":0,"9":0,"10":4,"11":0,"12":2},"f":{"0":4},"b":{"0":[0,4],"1":[0,0],"2":[0,0]},"_coverageSchema":"1a1c01bbd47fc00a2c39e90264f33305004495a9","hash":"12933978547d33ca7e458789e23d9ff8bcf6f720"}
,"C:\\Users\\user\\OneDrive\\Documents\\Bootcamp Hacktiv8\\4m\\3w\\2d\\ILockDoors\\server\\middleware\\errorHandler.js": {"path":"C:\\Users\\user\\OneDrive\\Documents\\Bootcamp Hacktiv8\\4m\\3w\\2d\\ILockDoors\\server\\middleware\\errorHandler.js","statementMap":{"0":{"start":{"line":1,"column":21},"end":{"line":52,"column":1}},"1":{"start":{"line":2,"column":13},"end":{"line":2,"column":16}},"2":{"start":{"line":3,"column":16},"end":{"line":3,"column":38}},"3":{"start":{"line":4,"column":2},"end":{"line":4,"column":50}},"4":{"start":{"line":5,"column":2},"end":{"line":49,"column":3}},"5":{"start":{"line":6,"column":4},"end":{"line":6,"column":15}},"6":{"start":{"line":7,"column":4},"end":{"line":9,"column":7}},"7":{"start":{"line":8,"column":6},"end":{"line":8,"column":27}},"8":{"start":{"line":10,"column":9},"end":{"line":49,"column":3}},"9":{"start":{"line":11,"column":4},"end":{"line":11,"column":15}},"10":{"start":{"line":12,"column":4},"end":{"line":12,"column":36}},"11":{"start":{"line":13,"column":9},"end":{"line":49,"column":3}},"12":{"start":{"line":14,"column":4},"end":{"line":14,"column":15}},"13":{"start":{"line":15,"column":4},"end":{"line":15,"column":26}},"14":{"start":{"line":16,"column":9},"end":{"line":49,"column":3}},"15":{"start":{"line":17,"column":4},"end":{"line":17,"column":15}},"16":{"start":{"line":18,"column":4},"end":{"line":18,"column":26}},"17":{"start":{"line":19,"column":9},"end":{"line":49,"column":3}},"18":{"start":{"line":20,"column":4},"end":{"line":20,"column":15}},"19":{"start":{"line":21,"column":4},"end":{"line":21,"column":26}},"20":{"start":{"line":22,"column":9},"end":{"line":49,"column":3}},"21":{"start":{"line":23,"column":4},"end":{"line":23,"column":15}},"22":{"start":{"line":24,"column":4},"end":{"line":24,"column":26}},"23":{"start":{"line":25,"column":9},"end":{"line":49,"column":3}},"24":{"start":{"line":26,"column":4},"end":{"line":26,"column":15}},"25":{"start":{"line":27,"column":4},"end":{"line":27,"column":26}},"26":{"start":{"line":28,"column":9},"end":{"line":49,"column":3}},"27":{"start":{"line":29,"column":4},"end":{"line":29,"column":15}},"28":{"start":{"line":30,"column":4},"end":{"line":30,"column":26}},"29":{"start":{"line":31,"column":9},"end":{"line":49,"column":3}},"30":{"start":{"line":32,"column":4},"end":{"line":32,"column":15}},"31":{"start":{"line":33,"column":4},"end":{"line":33,"column":26}},"32":{"start":{"line":34,"column":9},"end":{"line":49,"column":3}},"33":{"start":{"line":35,"column":4},"end":{"line":35,"column":15}},"34":{"start":{"line":36,"column":4},"end":{"line":36,"column":26}},"35":{"start":{"line":37,"column":9},"end":{"line":49,"column":3}},"36":{"start":{"line":38,"column":4},"end":{"line":38,"column":15}},"37":{"start":{"line":39,"column":4},"end":{"line":39,"column":35}},"38":{"start":{"line":40,"column":9},"end":{"line":49,"column":3}},"39":{"start":{"line":41,"column":4},"end":{"line":41,"column":15}},"40":{"start":{"line":42,"column":4},"end":{"line":42,"column":26}},"41":{"start":{"line":43,"column":9},"end":{"line":49,"column":3}},"42":{"start":{"line":44,"column":4},"end":{"line":44,"column":15}},"43":{"start":{"line":45,"column":4},"end":{"line":45,"column":26}},"44":{"start":{"line":46,"column":9},"end":{"line":49,"column":3}},"45":{"start":{"line":47,"column":4},"end":{"line":47,"column":15}},"46":{"start":{"line":48,"column":4},"end":{"line":48,"column":26}},"47":{"start":{"line":51,"column":2},"end":{"line":51,"column":37}},"48":{"start":{"line":54,"column":0},"end":{"line":54,"column":30}}},"fnMap":{"0":{"name":"(anonymous_0)","decl":{"start":{"line":1,"column":21},"end":{"line":1,"column":22}},"loc":{"start":{"line":1,"column":46},"end":{"line":52,"column":1}},"line":1},"1":{"name":"(anonymous_1)","decl":{"start":{"line":7,"column":19},"end":{"line":7,"column":20}},"loc":{"start":{"line":7,"column":27},"end":{"line":9,"column":5}},"line":7}},"branchMap":{"0":{"loc":{"start":{"line":5,"column":2},"end":{"line":49,"column":3}},"type":"if","locations":[{"start":{"line":5,"column":2},"end":{"line":49,"column":3}},{"start":{"line":10,"column":9},"end":{"line":49,"column":3}}],"line":5},"1":{"loc":{"start":{"line":10,"column":9},"end":{"line":49,"column":3}},"type":"if","locations":[{"start":{"line":10,"column":9},"end":{"line":49,"column":3}},{"start":{"line":13,"column":9},"end":{"line":49,"column":3}}],"line":10},"2":{"loc":{"start":{"line":13,"column":9},"end":{"line":49,"column":3}},"type":"if","locations":[{"start":{"line":13,"column":9},"end":{"line":49,"column":3}},{"start":{"line":16,"column":9},"end":{"line":49,"column":3}}],"line":13},"3":{"loc":{"start":{"line":16,"column":9},"end":{"line":49,"column":3}},"type":"if","locations":[{"start":{"line":16,"column":9},"end":{"line":49,"column":3}},{"start":{"line":19,"column":9},"end":{"line":49,"column":3}}],"line":16},"4":{"loc":{"start":{"line":19,"column":9},"end":{"line":49,"column":3}},"type":"if","locations":[{"start":{"line":19,"column":9},"end":{"line":49,"column":3}},{"start":{"line":22,"column":9},"end":{"line":49,"column":3}}],"line":19},"5":{"loc":{"start":{"line":22,"column":9},"end":{"line":49,"column":3}},"type":"if","locations":[{"start":{"line":22,"column":9},"end":{"line":49,"column":3}},{"start":{"line":25,"column":9},"end":{"line":49,"column":3}}],"line":22},"6":{"loc":{"start":{"line":25,"column":9},"end":{"line":49,"column":3}},"type":"if","locations":[{"start":{"line":25,"column":9},"end":{"line":49,"column":3}},{"start":{"line":28,"column":9},"end":{"line":49,"column":3}}],"line":25},"7":{"loc":{"start":{"line":28,"column":9},"end":{"line":49,"column":3}},"type":"if","locations":[{"start":{"line":28,"column":9},"end":{"line":49,"column":3}},{"start":{"line":31,"column":9},"end":{"line":49,"column":3}}],"line":28},"8":{"loc":{"start":{"line":31,"column":9},"end":{"line":49,"column":3}},"type":"if","locations":[{"start":{"line":31,"column":9},"end":{"line":49,"column":3}},{"start":{"line":34,"column":9},"end":{"line":49,"column":3}}],"line":31},"9":{"loc":{"start":{"line":34,"column":9},"end":{"line":49,"column":3}},"type":"if","locations":[{"start":{"line":34,"column":9},"end":{"line":49,"column":3}},{"start":{"line":37,"column":9},"end":{"line":49,"column":3}}],"line":34},"10":{"loc":{"start":{"line":37,"column":9},"end":{"line":49,"column":3}},"type":"if","locations":[{"start":{"line":37,"column":9},"end":{"line":49,"column":3}},{"start":{"line":40,"column":9},"end":{"line":49,"column":3}}],"line":37},"11":{"loc":{"start":{"line":40,"column":9},"end":{"line":49,"column":3}},"type":"if","locations":[{"start":{"line":40,"column":9},"end":{"line":49,"column":3}},{"start":{"line":43,"column":9},"end":{"line":49,"column":3}}],"line":40},"12":{"loc":{"start":{"line":43,"column":9},"end":{"line":49,"column":3}},"type":"if","locations":[{"start":{"line":43,"column":9},"end":{"line":49,"column":3}},{"start":{"line":46,"column":9},"end":{"line":49,"column":3}}],"line":43},"13":{"loc":{"start":{"line":46,"column":9},"end":{"line":49,"column":3}},"type":"if","locations":[{"start":{"line":46,"column":9},"end":{"line":49,"column":3}},{"start":{},"end":{}}],"line":46}},"s":{"0":2,"1":22,"2":22,"3":22,"4":22,"5":3,"6":3,"7":3,"8":19,"9":1,"10":1,"11":18,"12":0,"13":0,"14":18,"15":3,"16":3,"17":15,"18":3,"19":3,"20":12,"21":0,"22":0,"23":12,"24":0,"25":0,"26":12,"27":0,"28":0,"29":12,"30":2,"31":2,"32":10,"33":0,"34":0,"35":10,"36":4,"37":4,"38":6,"39":4,"40":4,"41":2,"42":0,"43":0,"44":2,"45":2,"46":2,"47":22,"48":2},"f":{"0":22,"1":3},"b":{"0":[3,19],"1":[1,18],"2":[0,18],"3":[3,15],"4":[3,12],"5":[0,12],"6":[0,12],"7":[0,12],"8":[2,10],"9":[0,10],"10":[4,6],"11":[4,2],"12":[0,2],"13":[2,0]},"_coverageSchema":"1a1c01bbd47fc00a2c39e90264f33305004495a9","hash":"af19eb4eb8a4cf2787305f20200c70a02babeabd"}
,"C:\\Users\\user\\OneDrive\\Documents\\Bootcamp Hacktiv8\\4m\\3w\\2d\\ILockDoors\\server\\models\\accomodation.js": {"path":"C:\\Users\\user\\OneDrive\\Documents\\Bootcamp Hacktiv8\\4m\\3w\\2d\\ILockDoors\\server\\models\\accomodation.js","statementMap":{"0":{"start":{"line":2,"column":18},"end":{"line":2,"column":38}},"1":{"start":{"line":3,"column":0},"end":{"line":25,"column":2}},"2":{"start":{"line":11,"column":6},"end":{"line":11,"column":74}},"3":{"start":{"line":14,"column":2},"end":{"line":23,"column":4}},"4":{"start":{"line":24,"column":2},"end":{"line":24,"column":22}}},"fnMap":{"0":{"name":"(anonymous_0)","decl":{"start":{"line":3,"column":17},"end":{"line":3,"column":18}},"loc":{"start":{"line":3,"column":43},"end":{"line":25,"column":1}},"line":3},"1":{"name":"(anonymous_1)","decl":{"start":{"line":10,"column":4},"end":{"line":10,"column":5}},"loc":{"start":{"line":10,"column":29},"end":{"line":12,"column":5}},"line":10}},"branchMap":{},"s":{"0":2,"1":2,"2":2,"3":2,"4":2},"f":{"0":2,"1":2},"b":{},"_coverageSchema":"1a1c01bbd47fc00a2c39e90264f33305004495a9","hash":"72e7eb30504f6af72f322f319ad02d333da5770b"}
,"C:\\Users\\user\\OneDrive\\Documents\\Bootcamp Hacktiv8\\4m\\3w\\2d\\ILockDoors\\server\\models\\index.js": {"path":"C:\\Users\\user\\OneDrive\\Documents\\Bootcamp Hacktiv8\\4m\\3w\\2d\\ILockDoors\\server\\models\\index.js","statementMap":{"0":{"start":{"line":3,"column":11},"end":{"line":3,"column":24}},"1":{"start":{"line":4,"column":13},"end":{"line":4,"column":28}},"2":{"start":{"line":5,"column":18},"end":{"line":5,"column":38}},"3":{"start":{"line":6,"column":16},"end":{"line":6,"column":34}},"4":{"start":{"line":7,"column":17},"end":{"line":7,"column":42}},"5":{"start":{"line":8,"column":12},"end":{"line":8,"column":49}},"6":{"start":{"line":9,"column":15},"end":{"line":9,"column":65}},"7":{"start":{"line":10,"column":11},"end":{"line":10,"column":13}},"8":{"start":{"line":13,"column":0},"end":{"line":17,"column":1}},"9":{"start":{"line":14,"column":2},"end":{"line":14,"column":74}},"10":{"start":{"line":16,"column":2},"end":{"line":16,"column":87}},"11":{"start":{"line":19,"column":0},"end":{"line":32,"column":5}},"12":{"start":{"line":22,"column":4},"end":{"line":27,"column":6}},"13":{"start":{"line":30,"column":18},"end":{"line":30,"column":85}},"14":{"start":{"line":31,"column":4},"end":{"line":31,"column":27}},"15":{"start":{"line":34,"column":0},"end":{"line":38,"column":3}},"16":{"start":{"line":35,"column":2},"end":{"line":37,"column":3}},"17":{"start":{"line":36,"column":4},"end":{"line":36,"column":32}},"18":{"start":{"line":40,"column":0},"end":{"line":40,"column":25}},"19":{"start":{"line":41,"column":0},"end":{"line":41,"column":25}},"20":{"start":{"line":43,"column":0},"end":{"line":43,"column":20}}},"fnMap":{"0":{"name":"(anonymous_0)","decl":{"start":{"line":21,"column":10},"end":{"line":21,"column":11}},"loc":{"start":{"line":21,"column":18},"end":{"line":28,"column":3}},"line":21},"1":{"name":"(anonymous_1)","decl":{"start":{"line":29,"column":11},"end":{"line":29,"column":12}},"loc":{"start":{"line":29,"column":19},"end":{"line":32,"column":3}},"line":29},"2":{"name":"(anonymous_2)","decl":{"start":{"line":34,"column":24},"end":{"line":34,"column":25}},"loc":{"start":{"line":34,"column":37},"end":{"line":38,"column":1}},"line":34}},"branchMap":{"0":{"loc":{"start":{"line":8,"column":12},"end":{"line":8,"column":49}},"type":"binary-expr","locations":[{"start":{"line":8,"column":12},"end":{"line":8,"column":32}},{"start":{"line":8,"column":36},"end":{"line":8,"column":49}}],"line":8},"1":{"loc":{"start":{"line":13,"column":0},"end":{"line":17,"column":1}},"type":"if","locations":[{"start":{"line":13,"column":0},"end":{"line":17,"column":1}},{"start":{"line":15,"column":7},"end":{"line":17,"column":1}}],"line":13},"2":{"loc":{"start":{"line":23,"column":6},"end":{"line":26,"column":37}},"type":"binary-expr","locations":[{"start":{"line":23,"column":6},"end":{"line":23,"column":29}},{"start":{"line":24,"column":6},"end":{"line":24,"column":23}},{"start":{"line":25,"column":6},"end":{"line":25,"column":30}},{"start":{"line":26,"column":6},"end":{"line":26,"column":37}}],"line":23},"3":{"loc":{"start":{"line":35,"column":2},"end":{"line":37,"column":3}},"type":"if","locations":[{"start":{"line":35,"column":2},"end":{"line":37,"column":3}},{"start":{},"end":{}}],"line":35}},"s":{"0":2,"1":2,"2":2,"3":2,"4":2,"5":2,"6":2,"7":2,"8":2,"9":0,"10":2,"11":2,"12":8,"13":6,"14":6,"15":2,"16":6,"17":6,"18":2,"19":2,"20":2},"f":{"0":8,"1":6,"2":6},"b":{"0":[2,0],"1":[0,2],"2":[8,8,6,6],"3":[6,0]},"_coverageSchema":"1a1c01bbd47fc00a2c39e90264f33305004495a9","hash":"641bd874dc2a31c5c66f5683eaf72ad1e16450c6"}
,"C:\\Users\\user\\OneDrive\\Documents\\Bootcamp Hacktiv8\\4m\\3w\\2d\\ILockDoors\\server\\models\\room.js": {"path":"C:\\Users\\user\\OneDrive\\Documents\\Bootcamp Hacktiv8\\4m\\3w\\2d\\ILockDoors\\server\\models\\room.js","statementMap":{"0":{"start":{"line":2,"column":18},"end":{"line":2,"column":38}},"1":{"start":{"line":3,"column":0},"end":{"line":155,"column":2}},"2":{"start":{"line":11,"column":6},"end":{"line":11,"column":56}},"3":{"start":{"line":14,"column":6},"end":{"line":14,"column":54}},"4":{"start":{"line":17,"column":6},"end":{"line":17,"column":60}},"5":{"start":{"line":18,"column":6},"end":{"line":18,"column":76}},"6":{"start":{"line":22,"column":2},"end":{"line":150,"column":4}},"7":{"start":{"line":151,"column":2},"end":{"line":153,"column":5}},"8":{"start":{"line":152,"column":4},"end":{"line":152,"column":40}},"9":{"start":{"line":154,"column":2},"end":{"line":154,"column":14}}},"fnMap":{"0":{"name":"(anonymous_0)","decl":{"start":{"line":3,"column":17},"end":{"line":3,"column":18}},"loc":{"start":{"line":3,"column":43},"end":{"line":155,"column":1}},"line":3},"1":{"name":"(anonymous_1)","decl":{"start":{"line":10,"column":4},"end":{"line":10,"column":5}},"loc":{"start":{"line":10,"column":21},"end":{"line":12,"column":5}},"line":10},"2":{"name":"(anonymous_2)","decl":{"start":{"line":13,"column":4},"end":{"line":13,"column":5}},"loc":{"start":{"line":13,"column":19},"end":{"line":15,"column":5}},"line":13},"3":{"name":"(anonymous_3)","decl":{"start":{"line":16,"column":4},"end":{"line":16,"column":5}},"loc":{"start":{"line":16,"column":29},"end":{"line":19,"column":5}},"line":16},"4":{"name":"(anonymous_4)","decl":{"start":{"line":151,"column":20},"end":{"line":151,"column":21}},"loc":{"start":{"line":151,"column":45},"end":{"line":153,"column":3}},"line":151}},"branchMap":{},"s":{"0":2,"1":2,"2":0,"3":0,"4":2,"5":2,"6":2,"7":2,"8":1,"9":2},"f":{"0":2,"1":0,"2":0,"3":2,"4":1},"b":{},"_coverageSchema":"1a1c01bbd47fc00a2c39e90264f33305004495a9","hash":"a869b4401efda4f27ed4af03c3384cc13bcb87ea"}
,"C:\\Users\\user\\OneDrive\\Documents\\Bootcamp Hacktiv8\\4m\\3w\\2d\\ILockDoors\\server\\models\\user.js": {"path":"C:\\Users\\user\\OneDrive\\Documents\\Bootcamp Hacktiv8\\4m\\3w\\2d\\ILockDoors\\server\\models\\user.js","statementMap":{"0":{"start":{"line":2,"column":18},"end":{"line":2,"column":38}},"1":{"start":{"line":3,"column":25},"end":{"line":3,"column":55}},"2":{"start":{"line":4,"column":0},"end":{"line":103,"column":2}},"3":{"start":{"line":12,"column":6},"end":{"line":12,"column":58}},"4":{"start":{"line":15,"column":2},"end":{"line":98,"column":4}},"5":{"start":{"line":99,"column":2},"end":{"line":101,"column":5}},"6":{"start":{"line":100,"column":4},"end":{"line":100,"column":48}},"7":{"start":{"line":102,"column":2},"end":{"line":102,"column":14}}},"fnMap":{"0":{"name":"(anonymous_0)","decl":{"start":{"line":4,"column":17},"end":{"line":4,"column":18}},"loc":{"start":{"line":4,"column":43},"end":{"line":103,"column":1}},"line":4},"1":{"name":"(anonymous_1)","decl":{"start":{"line":11,"column":4},"end":{"line":11,"column":5}},"loc":{"start":{"line":11,"column":29},"end":{"line":13,"column":5}},"line":11},"2":{"name":"(anonymous_2)","decl":{"start":{"line":99,"column":20},"end":{"line":99,"column":21}},"loc":{"start":{"line":99,"column":45},"end":{"line":101,"column":3}},"line":99}},"branchMap":{},"s":{"0":2,"1":2,"2":2,"3":2,"4":2,"5":2,"6":2,"7":2},"f":{"0":2,"1":2,"2":2},"b":{},"_coverageSchema":"1a1c01bbd47fc00a2c39e90264f33305004495a9","hash":"a974c776f31ce671016b4b0255a9ed11336c753b"}
,"C:\\Users\\user\\OneDrive\\Documents\\Bootcamp Hacktiv8\\4m\\3w\\2d\\ILockDoors\\server\\routers\\index.js": {"path":"C:\\Users\\user\\OneDrive\\Documents\\Bootcamp Hacktiv8\\4m\\3w\\2d\\ILockDoors\\server\\routers\\index.js","statementMap":{"0":{"start":{"line":1,"column":16},"end":{"line":1,"column":34}},"1":{"start":{"line":2,"column":19},"end":{"line":2,"column":42}},"2":{"start":{"line":3,"column":27},"end":{"line":3,"column":58}},"3":{"start":{"line":4,"column":23},"end":{"line":4,"column":63}},"4":{"start":{"line":5,"column":21},"end":{"line":5,"column":58}},"5":{"start":{"line":6,"column":23},"end":{"line":6,"column":62}},"6":{"start":{"line":7,"column":23},"end":{"line":7,"column":63}},"7":{"start":{"line":9,"column":15},"end":{"line":9,"column":31}},"8":{"start":{"line":11,"column":0},"end":{"line":11,"column":50}},"9":{"start":{"line":12,"column":0},"end":{"line":12,"column":44}},"10":{"start":{"line":13,"column":0},"end":{"line":13,"column":57}},"11":{"start":{"line":15,"column":0},"end":{"line":15,"column":27}},"12":{"start":{"line":16,"column":0},"end":{"line":16,"column":33}},"13":{"start":{"line":17,"column":0},"end":{"line":17,"column":49}},"14":{"start":{"line":18,"column":0},"end":{"line":18,"column":25}},"15":{"start":{"line":20,"column":0},"end":{"line":20,"column":24}}},"fnMap":{},"branchMap":{},"s":{"0":2,"1":2,"2":2,"3":2,"4":2,"5":2,"6":2,"7":2,"8":2,"9":2,"10":2,"11":2,"12":2,"13":2,"14":2,"15":2},"f":{},"b":{},"_coverageSchema":"1a1c01bbd47fc00a2c39e90264f33305004495a9","hash":"b1600a0722758bc276b303201c0af4680bcbfd61"}
,"C:\\Users\\user\\OneDrive\\Documents\\Bootcamp Hacktiv8\\4m\\3w\\2d\\ILockDoors\\server\\routers\\routerAccomodation.js": {"path":"C:\\Users\\user\\OneDrive\\Documents\\Bootcamp Hacktiv8\\4m\\3w\\2d\\ILockDoors\\server\\routers\\routerAccomodation.js","statementMap":{"0":{"start":{"line":1,"column":16},"end":{"line":1,"column":34}},"1":{"start":{"line":2,"column":31},"end":{"line":2,"column":79}},"2":{"start":{"line":3,"column":27},"end":{"line":3,"column":43}},"3":{"start":{"line":5,"column":0},"end":{"line":5,"column":69}},"4":{"start":{"line":6,"column":0},"end":{"line":9,"column":2}},"5":{"start":{"line":10,"column":0},"end":{"line":10,"column":69}},"6":{"start":{"line":11,"column":0},"end":{"line":14,"column":2}},"7":{"start":{"line":15,"column":0},"end":{"line":18,"column":2}},"8":{"start":{"line":20,"column":0},"end":{"line":20,"column":36}}},"fnMap":{},"branchMap":{},"s":{"0":2,"1":2,"2":2,"3":2,"4":2,"5":2,"6":2,"7":2,"8":2},"f":{},"b":{},"_coverageSchema":"1a1c01bbd47fc00a2c39e90264f33305004495a9","hash":"721526a3871045ec2d40a66578d2089b22f646f5"}
,"C:\\Users\\user\\OneDrive\\Documents\\Bootcamp Hacktiv8\\4m\\3w\\2d\\ILockDoors\\server\\routers\\routerRoom.js": {"path":"C:\\Users\\user\\OneDrive\\Documents\\Bootcamp Hacktiv8\\4m\\3w\\2d\\ILockDoors\\server\\routers\\routerRoom.js","statementMap":{"0":{"start":{"line":1,"column":16},"end":{"line":1,"column":34}},"1":{"start":{"line":2,"column":23},"end":{"line":2,"column":63}},"2":{"start":{"line":3,"column":26},"end":{"line":3,"column":64}},"3":{"start":{"line":5,"column":19},"end":{"line":5,"column":35}},"4":{"start":{"line":7,"column":0},"end":{"line":7,"column":46}},"5":{"start":{"line":8,"column":0},"end":{"line":8,"column":58}},"6":{"start":{"line":9,"column":0},"end":{"line":9,"column":45}},"7":{"start":{"line":10,"column":0},"end":{"line":10,"column":56}},"8":{"start":{"line":11,"column":0},"end":{"line":11,"column":56}},"9":{"start":{"line":12,"column":0},"end":{"line":12,"column":67}},"10":{"start":{"line":13,"column":0},"end":{"line":13,"column":72}},"11":{"start":{"line":15,"column":0},"end":{"line":15,"column":28}}},"fnMap":{},"branchMap":{},"s":{"0":2,"1":2,"2":2,"3":2,"4":2,"5":2,"6":2,"7":2,"8":2,"9":2,"10":2,"11":2},"f":{},"b":{},"_coverageSchema":"1a1c01bbd47fc00a2c39e90264f33305004495a9","hash":"a18a8dcba97c7418436bbdce2206264c3e1817ed"}
}
