TN:
SF:app.js
FNF:0
FNH:0
DA:1,2
DA:2,2
DA:5,2
DA:6,2
DA:7,2
DA:10,2
DA:11,2
DA:12,2
DA:14,2
DA:19,2
LF:10
LH:10
BRDA:1,0,0,2
BRDA:1,0,1,0
BRF:2
BRH:1
end_of_record
TN:
SF:controllers\accomodationController.js
FN:5,(anonymous_0)
FN:28,(anonymous_1)
FN:48,(anonymous_2)
FN:65,(anonymous_3)
FN:95,(anonymous_4)
FNF:5
FNH:0
FNDA:0,(anonymous_0)
FNDA:0,(anonymous_1)
FNDA:0,(anonymous_2)
FNDA:0,(anonymous_3)
FNDA:0,(anonymous_4)
DA:1,2
DA:2,2
DA:6,0
DA:7,0
DA:8,0
DA:12,0
DA:13,0
DA:18,0
DA:20,0
DA:24,0
DA:25,0
DA:29,0
DA:31,0
DA:32,0
DA:33,0
DA:34,0
DA:40,0
DA:44,0
DA:45,0
DA:49,0
DA:51,0
DA:52,0
DA:57,0
DA:61,0
DA:62,0
DA:66,0
DA:67,0
DA:68,0
DA:69,0
DA:70,0
DA:71,0
DA:76,0
DA:87,0
DA:91,0
DA:92,0
DA:96,0
DA:97,0
DA:98,0
DA:99,0
DA:100,0
DA:105,0
DA:110,0
DA:114,0
DA:115,0
DA:120,2
LF:45
LH:3
BRDA:12,0,0,0
BRDA:12,0,1,0
BRDA:33,1,0,0
BRDA:33,1,1,0
BRDA:70,2,0,0
BRDA:70,2,1,0
BRDA:99,3,0,0
BRDA:99,3,1,0
BRF:8
BRH:0
end_of_record
TN:
SF:controllers\authController.js
FN:6,(anonymous_0)
FNF:1
FNH:0
FNDA:0,(anonymous_0)
DA:1,2
DA:2,2
DA:3,2
DA:7,0
DA:8,0
DA:9,0
DA:12,0
DA:17,0
DA:19,0
DA:34,0
DA:35,0
DA:37,0
DA:38,0
DA:43,2
LF:14
LH:4
BRF:0
BRH:0
end_of_record
TN:
SF:controllers\roomController.js
FN:5,(anonymous_0)
FN:27,(anonymous_1)
FN:50,(anonymous_2)
FN:86,(anonymous_3)
FN:136,(anonymous_4)
FN:161,(anonymous_5)
FN:190,(anonymous_6)
FNF:7
FNH:4
FNDA:1,(anonymous_0)
FNDA:2,(anonymous_1)
FNDA:2,(anonymous_2)
FNDA:4,(anonymous_3)
FNDA:0,(anonymous_4)
FNDA:0,(anonymous_5)
FNDA:0,(anonymous_6)
DA:1,2
DA:2,2
DA:6,1
DA:7,1
DA:11,1
DA:12,0
DA:16,1
DA:17,1
DA:19,1
DA:23,0
DA:24,0
DA:28,2
DA:29,2
DA:31,2
DA:38,2
DA:39,1
DA:44,1
DA:46,1
DA:47,1
DA:51,2
DA:64,2
DA:66,2
DA:80,1
DA:83,1
DA:87,4
DA:88,4
DA:100,4
DA:101,4
DA:103,4
DA:104,1
DA:109,3
DA:130,2
DA:132,2
DA:133,2
DA:137,0
DA:139,0
DA:140,0
DA:141,0
DA:142,0
DA:147,0
DA:152,0
DA:157,0
DA:158,0
DA:162,0
DA:163,0
DA:164,0
DA:166,0
DA:167,0
DA:172,0
DA:182,0
DA:186,0
DA:187,0
DA:191,0
DA:192,0
DA:193,0
DA:194,0
DA:195,0
DA:200,0
DA:210,0
DA:213,0
DA:214,0
DA:219,2
LF:62
LH:32
BRDA:11,0,0,0
BRDA:11,0,1,1
BRDA:38,1,0,1
BRDA:38,1,1,1
BRDA:103,2,0,1
BRDA:103,2,1,3
BRDA:141,3,0,0
BRDA:141,3,1,0
BRDA:166,4,0,0
BRDA:166,4,1,0
BRDA:194,5,0,0
BRDA:194,5,1,0
BRF:12
BRH:5
end_of_record
TN:
SF:controllers\userController.js
FN:5,(anonymous_0)
FN:58,(anonymous_1)
FNF:2
FNH:2
FNDA:7,(anonymous_0)
FNDA:5,(anonymous_1)
DA:1,2
DA:2,2
DA:3,2
DA:7,7
DA:9,7
DA:10,7
DA:11,0
DA:16,7
DA:17,2
DA:22,5
DA:23,2
DA:28,3
DA:29,0
DA:34,3
DA:35,0
DA:40,3
DA:49,1
DA:54,6
DA:55,6
DA:59,5
DA:61,5
DA:62,5
DA:63,1
DA:68,4
DA:69,1
DA:74,3
DA:80,3
DA:81,2
DA:86,1
DA:87,1
DA:88,0
DA:93,1
DA:98,1
DA:99,1
DA:101,4
DA:102,4
DA:107,2
LF:37
LH:33
BRDA:10,0,0,0
BRDA:10,0,1,7
BRDA:16,1,0,2
BRDA:16,1,1,5
BRDA:22,2,0,2
BRDA:22,2,1,3
BRDA:28,3,0,0
BRDA:28,3,1,3
BRDA:34,4,0,0
BRDA:34,4,1,3
BRDA:62,5,0,1
BRDA:62,5,1,4
BRDA:68,6,0,1
BRDA:68,6,1,3
BRDA:80,7,0,2
BRDA:80,7,1,1
BRDA:87,8,0,0
BRDA:87,8,1,1
BRF:18
BRH:14
end_of_record
TN:
SF:helpers\bcryptjs.js
FN:3,(anonymous_0)
FN:6,(anonymous_1)
FNF:2
FNH:1
FNDA:9,(anonymous_0)
FNDA:0,(anonymous_1)
DA:1,2
DA:3,2
DA:4,9
DA:6,2
DA:7,0
DA:10,2
LF:6
LH:5
BRF:0
BRH:0
end_of_record
TN:
SF:helpers\jwt.js
FN:4,(anonymous_0)
FN:8,(anonymous_1)
FNF:2
FNH:2
FNDA:3,(anonymous_0)
FNDA:13,(anonymous_1)
DA:1,2
DA:2,2
DA:4,2
DA:5,3
DA:8,2
DA:9,13
DA:12,2
LF:7
LH:7
BRDA:2,0,0,2
BRDA:2,0,1,0
BRF:2
BRH:1
end_of_record
TN:
SF:middleware\authentication.js
FN:3,(anonymous_0)
FNF:1
FNH:1
FNDA:17,(anonymous_0)
DA:1,2
DA:2,2
DA:3,2
DA:4,17
DA:6,17
DA:8,17
DA:9,4
DA:14,13
DA:16,13
DA:17,9
DA:22,9
DA:23,0
DA:29,9
DA:34,9
DA:36,8
DA:37,8
DA:41,2
LF:17
LH:16
BRDA:8,0,0,4
BRDA:8,0,1,13
BRDA:22,1,0,0
BRDA:22,1,1,9
BRF:4
BRH:3
end_of_record
TN:
SF:middleware\authorization.js
FN:3,(anonymous_0)
FNF:1
FNH:1
FNDA:4,(anonymous_0)
DA:1,2
DA:3,2
DA:4,4
DA:6,4
DA:8,4
DA:9,0
DA:10,0
DA:11,0
DA:16,0
DA:17,0
DA:23,4
DA:26,0
DA:30,2
LF:13
LH:7
BRDA:8,0,0,0
BRDA:8,0,1,4
BRDA:10,1,0,0
BRDA:10,1,1,0
BRDA:16,2,0,0
BRDA:16,2,1,0
BRF:6
BRH:1
end_of_record
TN:
SF:middleware\errorHandler.js
FN:1,(anonymous_0)
FN:7,(anonymous_1)
FNF:2
FNH:2
FNDA:22,(anonymous_0)
FNDA:3,(anonymous_1)
DA:1,2
DA:2,22
DA:3,22
DA:4,22
DA:5,22
DA:6,3
DA:7,3
DA:8,3
DA:10,19
DA:11,1
DA:12,1
DA:13,18
DA:14,0
DA:15,0
DA:16,18
DA:17,3
DA:18,3
DA:19,15
DA:20,3
DA:21,3
DA:22,12
DA:23,0
DA:24,0
DA:25,12
DA:26,0
DA:27,0
DA:28,12
DA:29,0
DA:30,0
DA:31,12
DA:32,2
DA:33,2
DA:34,10
DA:35,0
DA:36,0
DA:37,10
DA:38,4
DA:39,4
DA:40,6
DA:41,4
DA:42,4
DA:43,2
DA:44,0
DA:45,0
DA:46,2
DA:47,2
DA:48,2
DA:51,22
DA:54,2
LF:49
LH:37
BRDA:5,0,0,3
BRDA:5,0,1,19
BRDA:10,1,0,1
BRDA:10,1,1,18
BRDA:13,2,0,0
BRDA:13,2,1,18
BRDA:16,3,0,3
BRDA:16,3,1,15
BRDA:19,4,0,3
BRDA:19,4,1,12
BRDA:22,5,0,0
BRDA:22,5,1,12
BRDA:25,6,0,0
BRDA:25,6,1,12
BRDA:28,7,0,0
BRDA:28,7,1,12
BRDA:31,8,0,2
BRDA:31,8,1,10
BRDA:34,9,0,0
BRDA:34,9,1,10
BRDA:37,10,0,4
BRDA:37,10,1,6
BRDA:40,11,0,4
BRDA:40,11,1,2
BRDA:43,12,0,0
BRDA:43,12,1,2
BRDA:46,13,0,2
BRDA:46,13,1,0
BRF:28
BRH:21
end_of_record
TN:
SF:models\accomodation.js
FN:3,(anonymous_0)
FN:10,(anonymous_1)
FNF:2
FNH:2
FNDA:2,(anonymous_0)
FNDA:2,(anonymous_1)
DA:2,2
DA:3,2
DA:11,2
DA:14,2
DA:24,2
LF:5
LH:5
BRF:0
BRH:0
end_of_record
TN:
SF:models\index.js
FN:21,(anonymous_0)
FN:29,(anonymous_1)
FN:34,(anonymous_2)
FNF:3
FNH:3
FNDA:8,(anonymous_0)
FNDA:6,(anonymous_1)
FNDA:6,(anonymous_2)
DA:3,2
DA:4,2
DA:5,2
DA:6,2
DA:7,2
DA:8,2
DA:9,2
DA:10,2
DA:13,2
DA:14,0
DA:16,2
DA:19,2
DA:22,8
DA:30,6
DA:31,6
DA:34,2
DA:35,6
DA:36,6
DA:40,2
DA:41,2
DA:43,2
LF:21
LH:20
BRDA:8,0,0,2
BRDA:8,0,1,0
BRDA:13,1,0,0
BRDA:13,1,1,2
BRDA:23,2,0,8
BRDA:23,2,1,8
BRDA:23,2,2,6
BRDA:23,2,3,6
BRDA:35,3,0,6
BRDA:35,3,1,0
BRF:10
BRH:7
end_of_record
TN:
SF:models\room.js
FN:3,(anonymous_0)
FN:10,(anonymous_1)
FN:13,(anonymous_2)
FN:16,(anonymous_3)
FN:151,(anonymous_4)
FNF:5
FNH:3
FNDA:2,(anonymous_0)
FNDA:0,(anonymous_1)
FNDA:0,(anonymous_2)
FNDA:2,(anonymous_3)
FNDA:1,(anonymous_4)
DA:2,2
DA:3,2
DA:11,0
DA:14,0
DA:17,2
DA:18,2
DA:22,2
DA:151,2
DA:152,1
DA:154,2
LF:10
LH:8
BRF:0
BRH:0
end_of_record
TN:
SF:models\user.js
FN:4,(anonymous_0)
FN:11,(anonymous_1)
FN:99,(anonymous_2)
FNF:3
FNH:3
FNDA:2,(anonymous_0)
FNDA:2,(anonymous_1)
FNDA:2,(anonymous_2)
DA:2,2
DA:3,2
DA:4,2
DA:12,2
DA:15,2
DA:99,2
DA:100,2
DA:102,2
LF:8
LH:8
BRF:0
BRH:0
end_of_record
TN:
SF:routers\index.js
FNF:0
FNH:0
DA:1,2
DA:2,2
DA:3,2
DA:4,2
DA:5,2
DA:6,2
DA:7,2
DA:9,2
DA:11,2
DA:12,2
DA:13,2
DA:15,2
DA:16,2
DA:17,2
DA:18,2
DA:20,2
LF:16
LH:16
BRF:0
BRH:0
end_of_record
TN:
SF:routers\routerAccomodation.js
FNF:0
FNH:0
DA:1,2
DA:2,2
DA:3,2
DA:5,2
DA:6,2
DA:10,2
DA:11,2
DA:15,2
DA:20,2
LF:9
LH:9
BRF:0
BRH:0
end_of_record
TN:
SF:routers\routerRoom.js
FNF:0
FNH:0
DA:1,2
DA:2,2
DA:3,2
DA:5,2
DA:7,2
DA:8,2
DA:9,2
DA:10,2
DA:11,2
DA:12,2
DA:13,2
DA:15,2
LF:12
LH:12
BRF:0
BRH:0
end_of_record
